Exporter version: 5.6.3, Blender version: 2.79 (sub 0)
========= Conversion from Blender to Babylon.js =========
	Scene settings used :
		export scope        :  ALL
		inline textures     :  true
		Positions Precision :  4
		Normals Precision   :  3
		UVs Precision       :  3
		Vert Color Precision:  3
		Mat Weight Precision:  2
	Python World class constructor completed
	processing begun of mesh:  Torus
		processing begun of Standard material:  Material.001
			Diffuse texture found "Material.001 Diffuse Color"
				Image texture found, type:  diffuseTexture, mapped using: "UVMap"
========= An error was encountered =========
  File "/Users/christina.zenzes/Library/Application Support/Blender/2.79/scripts/addons/babylon-js/json_exporter.py", line 107, in execute
    mesh = Mesh(object, scene, self)
  File "/Users/christina.zenzes/Library/Application Support/Blender/2.79/scripts/addons/babylon-js/mesh.py", line 177, in __init__
    material = StdMaterial(slot, exporter, object)
  File "/Users/christina.zenzes/Library/Application Support/Blender/2.79/scripts/addons/babylon-js/material.py", line 385, in __init__
    self.textures.append(Texture('diffuseTexture', mtex.diffuse_color_factor, mtex, mesh, exporter))
  File "/Users/christina.zenzes/Library/Application Support/Blender/2.79/scripts/addons/babylon-js/material.py", line 104, in __init__
    with open(textureFile, "rb") as image_file:
ERROR:  [Errno 2] No such file or directory: ''
========= end of processing =========
elapsed time:  0 min, 0.0014 secs
