Exporter version: 5.6.3, Blender version: 2.79 (sub 0)
========= Conversion from Blender to Babylon.js =========
	Scene settings used :
		export scope        :  ALL
		inline textures     :  false
		Positions Precision :  4
		Normals Precision   :  3
		UVs Precision       :  3
		Vert Color Precision:  3
		Mat Weight Precision:  2
		texture directory   :  /Users/christina.zenzes/Documents/Git/codecentric/20Ppercent/babylon/babylonjs-handson/assets/
	Python World class constructor completed
	processing begun of mesh:  labyrinth
		processing begun of Standard material:  Material.005
		processing begun of Standard material:  Material.004
		processing begun of multimaterial:  labyrinth.Multimaterial#0
		num positions      :  1402
		num normals        :  1402
		num uvs            :  2804
		num uvs2           :  0
		num colors         :  5608
		num indices        :  4116
	processing begun of camera (UniversalCamera):  Camera
	processing begun of light (POINT):  Lamp
========= Writing of scene file started =========
========= Writing of scene file completed =========
========= end of processing =========
elapsed time:  0 min, 0.1244 secs
